{"sessionId":"bd96c7","location":"runInternal","message":"before_onShutdown","timestamp":1771591688849}
{"sessionId":"bd96c7","location":"runInternal","message":"after_onShutdown","timestamp":1771591688850}
{"sessionId":"bd96c7","location":"SampleApp::~SampleApp","message":"destructor_start","data":{"step":"destructor_start"},"timestamp":1771591688850}
{"sessionId":"bd96c7","location":"SampleApp::~SampleApp","message":"before_device_wait","data":{"step":"before_device_wait"},"timestamp":1771591688850}
{"sessionId":"bd96c7","location":"SampleApp::~SampleApp","message":"after_device_wait","data":{"step":"after_device_wait"},"timestamp":1771591688855}
{"sessionId":"bd96c7","location":"SampleApp::~SampleApp","message":"before_threading_shutdown","data":{"step":"before_threading_shutdown"},"timestamp":1771591688856}
{"sessionId":"bd96c7","location":"SampleApp::~SampleApp","message":"after_threading_shutdown","data":{"step":"after_threading_shutdown"},"timestamp":1771591688856}
{"sessionId":"bd96c7","location":"SampleApp::~SampleApp","message":"before_scripting_shutdown","data":{"step":"before_scripting_shutdown"},"timestamp":1771591688856}
{"sessionId":"bd96c7","location":"SampleApp::~SampleApp","message":"after_scripting_shutdown","data":{"step":"after_scripting_shutdown"},"timestamp":1771591688863}
{"sessionId":"bd96c7","location":"SampleApp::~SampleApp","message":"before_device_reset","data":{"step":"before_device_reset"},"timestamp":1771591688879}
{"sessionId":"bd96c7","location":"SampleApp::~SampleApp","message":"after_device_reset","data":{"step":"after_device_reset"},"timestamp":1771591689057}
{"sessionId":"bd96c7","location":"SampleApp::~SampleApp","message":"before_osservices_stop","data":{"step":"before_osservices_stop"},"timestamp":1771591689058}
{"sessionId":"bd96c7","location":"SampleApp::~SampleApp","message":"after_osservices_stop","data":{"step":"after_osservices_stop"},"timestamp":1771591689058}
{"sessionId":"bd96c7","location":"SampleApp::~SampleApp","message":"before_logger_shutdown","data":{"step":"before_logger_shutdown"},"timestamp":1771591689059}
{"sessionId":"bd96c7","location":"SampleApp::~SampleApp","message":"destructor_end","data":{"step":"destructor_end"},"timestamp":1771591689059}
{"sessionId":"bd96c7","location":"runInternal","message":"before_onShutdown","timestamp":1771591712299}
{"sessionId":"bd96c7","location":"runInternal","message":"after_onShutdown","timestamp":1771591712299}
{"sessionId":"bd96c7","location":"SampleApp::~SampleApp","message":"destructor_start","data":{"step":"destructor_start"},"timestamp":1771591712299}
{"sessionId":"bd96c7","location":"SampleApp::~SampleApp","message":"before_device_wait","data":{"step":"before_device_wait"},"timestamp":1771591712300}
{"sessionId":"bd96c7","location":"SampleApp::~SampleApp","message":"after_device_wait","data":{"step":"after_device_wait"},"timestamp":1771591712306}
{"sessionId":"bd96c7","location":"SampleApp::~SampleApp","message":"before_threading_shutdown","data":{"step":"before_threading_shutdown"},"timestamp":1771591712306}
{"sessionId":"bd96c7","location":"SampleApp::~SampleApp","message":"after_threading_shutdown","data":{"step":"after_threading_shutdown"},"timestamp":1771591712306}
{"sessionId":"bd96c7","location":"SampleApp::~SampleApp","message":"before_scripting_shutdown","data":{"step":"before_scripting_shutdown"},"timestamp":1771591712306}
{"sessionId":"bd96c7","location":"SampleApp::~SampleApp","message":"after_scripting_shutdown","data":{"step":"after_scripting_shutdown"},"timestamp":1771591712313}
{"sessionId":"bd96c7","location":"SampleApp::~SampleApp","message":"before_device_reset","data":{"step":"before_device_reset"},"timestamp":1771591712329}
{"sessionId":"bd96c7","location":"SampleApp::~SampleApp","message":"after_device_reset","data":{"step":"after_device_reset"},"timestamp":1771591712508}
{"sessionId":"bd96c7","location":"SampleApp::~SampleApp","message":"before_osservices_stop","data":{"step":"before_osservices_stop"},"timestamp":1771591712508}
{"sessionId":"bd96c7","location":"SampleApp::~SampleApp","message":"after_osservices_stop","data":{"step":"after_osservices_stop"},"timestamp":1771591712509}
{"sessionId":"bd96c7","location":"SampleApp::~SampleApp","message":"before_logger_shutdown","data":{"step":"before_logger_shutdown"},"timestamp":1771591712509}
{"sessionId":"bd96c7","location":"SampleApp::~SampleApp","message":"destructor_end","data":{"step":"destructor_end"},"timestamp":1771591712509}
{"sessionId":"bd96c7","location":"runInternal","message":"before_onShutdown","timestamp":1771591770572}
{"sessionId":"bd96c7","location":"runInternal","message":"after_onShutdown","timestamp":1771591770572}
{"sessionId":"bd96c7","location":"SampleApp::~SampleApp","message":"destructor_start","data":{"step":"destructor_start"},"timestamp":1771591770573}
{"sessionId":"bd96c7","location":"SampleApp::~SampleApp","message":"before_device_wait","data":{"step":"before_device_wait"},"timestamp":1771591770573}
{"sessionId":"bd96c7","location":"SampleApp::~SampleApp","message":"after_device_wait","data":{"step":"after_device_wait"},"timestamp":1771591770577}
{"sessionId":"bd96c7","location":"SampleApp::~SampleApp","message":"before_threading_shutdown","data":{"step":"before_threading_shutdown"},"timestamp":1771591770578}
{"sessionId":"bd96c7","location":"SampleApp::~SampleApp","message":"after_threading_shutdown","data":{"step":"after_threading_shutdown"},"timestamp":1771591770579}
{"sessionId":"bd96c7","location":"SampleApp::~SampleApp","message":"before_scripting_shutdown","data":{"step":"before_scripting_shutdown"},"timestamp":1771591770579}
{"sessionId":"bd96c7","location":"SampleApp::~SampleApp","message":"after_scripting_shutdown","data":{"step":"after_scripting_shutdown"},"timestamp":1771591770586}
{"sessionId":"bd96c7","location":"SampleApp::~SampleApp","message":"before_device_reset","data":{"step":"before_device_reset"},"timestamp":1771591770601}
{"sessionId":"bd96c7","location":"SampleApp::~SampleApp","message":"after_device_reset","data":{"step":"after_device_reset"},"timestamp":1771591770788}
{"sessionId":"bd96c7","location":"SampleApp::~SampleApp","message":"before_osservices_stop","data":{"step":"before_osservices_stop"},"timestamp":1771591770789}
{"sessionId":"bd96c7","location":"SampleApp::~SampleApp","message":"after_osservices_stop","data":{"step":"after_osservices_stop"},"timestamp":1771591770790}
{"sessionId":"bd96c7","location":"SampleApp::~SampleApp","message":"before_logger_shutdown","data":{"step":"before_logger_shutdown"},"timestamp":1771591770790}
{"sessionId":"bd96c7","location":"SampleApp::~SampleApp","message":"destructor_end","data":{"step":"destructor_end"},"timestamp":1771591770790}
